✔ [554/568] Built Mathlib.Logic.Pairwise (1.7s)
✔ [555/571] Built Mathlib.Data.Bool.Basic (2.9s)
✔ [556/574] Built Mathlib.Data.Int.Order.Basic (2.2s)
✔ [557/578] Built Mathlib.Order.OrderDual (2.8s)
✔ [558/578] Built Mathlib.Algebra.Group.Units.Basic (6.0s)
✔ [559/578] Built Mathlib.Order.Monotone.Defs (5.3s)
✔ [560/578] Built Mathlib.Logic.Equiv.Basic (9.9s)
✔ [561/578] Built Mathlib.Order.Max (3.8s)
✔ [562/578] Built Mathlib.Logic.Function.ULift (809ms)
✔ [563/578] Built Mathlib.Order.RelClasses (5.6s)
✔ [564/578] Built Mathlib.Order.Compare (2.3s)
✔ [565/578] Built Mathlib.Order.ULift (2.1s)
✔ [566/579] Built Mathlib.Algebra.Divisibility.Units (2.0s)
✔ [567/582] Built Mathlib.Data.Int.DivMod (938ms)
✔ [568/582] Built Mathlib.Algebra.GroupWithZero.Units.Basic (4.8s)
✔ [569/582] Built Batteries.Data.Nat.Lemmas (1.3s)
✔ [570/583] Built Mathlib.Algebra.Group.Equiv.Basic (4.8s)
✔ [571/583] Built Batteries.Data.Fin.Basic (1.7s)
✔ [572/583] Built Mathlib.Algebra.GroupWithZero.Divisibility (2.8s)
✔ [573/583] Built Mathlib.Order.Monotone.Basic (5.4s)
✔ [574/592] Built Batteries.Tactic.Congr (1.7s)
✔ [575/592] Built Mathlib.Algebra.Group.Equiv.Opposite (4.1s)
✔ [576/592] Built Mathlib.Algebra.Prime.Defs (1.9s)
✔ [577/592] Built Mathlib.Tactic.Finiteness.Attr (1.5s)
✔ [578/599] Built Mathlib.Algebra.Group.Even (4.1s)
✔ [579/609] Built Mathlib.Data.Nat.Prime.Defs (4.1s)
✔ [580/610] Built Mathlib.Order.BoundedOrder.Basic (4.4s)
✔ [581/611] Built Mathlib.Data.Nat.Cast.Basic (2.9s)
✔ [582/612] Built Mathlib.Algebra.Group.ULift (3.1s)
✔ [583/612] Built Mathlib.Order.Lattice (8.8s)
✔ [584/616] Built Mathlib.Algebra.GroupWithZero.Equiv (1.7s)
✔ [585/616] Built Mathlib.Order.GaloisConnection.Defs (3.9s)
✔ [586/616] Built Mathlib.Algebra.GroupWithZero.InjSurj (2.8s)
✔ [587/616] Built Mathlib.Algebra.Notation.Prod (2.6s)
✔ [588/618] Built Mathlib.Order.BoundedOrder.Lattice (2.4s)
✔ [589/618] Built Mathlib.Util.PPOptions (1.1s)
✔ [590/618] Built Mathlib.Algebra.CharP.Defs (4.1s)
✔ [591/618] Built Mathlib.Algebra.GroupWithZero.Opposite (2.4s)
✔ [592/618] Built Mathlib.Data.Fin.Basic (5.6s)
✔ [593/620] Built Mathlib.Order.Disjoint (6.1s)
✔ [594/621] Built Mathlib.Order.PropInstances (1.0s)
✔ [595/621] Built Mathlib.Algebra.Ring.Opposite (5.8s)
✔ [596/621] Built Mathlib.Algebra.Group.Units.Hom (4.7s)
✔ [597/624] Built Mathlib.Util.Delaborators (14s)
✔ [598/626] Built Mathlib.Algebra.Order.Monoid.Unbundled.Defs (7.2s)
✔ [599/634] Built Mathlib.Logic.OpClass (1.6s)
✔ [600/636] Built Mathlib.Data.Set.Basic (11s)
✔ [601/637] Built Mathlib.Data.Prod.PProd (2.1s)
✔ [602/637] Built Mathlib.Algebra.Group.Units.Equiv (5.3s)
✔ [603/637] Built Mathlib.Tactic.Monotonicity.Attr (1.8s)
✔ [604/637] Built Mathlib.Order.Heyting.Basic (15s)
✔ [605/637] Built Mathlib.Data.Set.Inclusion (2.4s)
✔ [606/637] Built Mathlib.Order.MinMax (4.2s)
✔ [607/637] Built Mathlib.Data.Set.Disjoint (3.2s)
✔ [608/639] Built Mathlib.Algebra.Group.Int.Defs (2.0s)
✔ [609/639] Built Mathlib.Order.BooleanAlgebra.Defs (3.6s)
✔ [610/640] Built Mathlib.Logic.Embedding.Basic (5.7s)
✔ [611/640] Built Mathlib.Algebra.Group.ModEq (5.0s)
✔ [612/642] Built Mathlib.Algebra.Group.Semiconj.Units (2.5s)
✔ [613/644] Built Mathlib.Data.Set.Insert (9.6s)
✔ [614/644] Built Mathlib.Algebra.Order.Monoid.Unbundled.Basic (14s)
✔ [615/644] Built Mathlib.Order.BooleanAlgebra.Basic (11s)
✔ [616/644] Built Mathlib.Order.RelIso.Basic (9.1s)
✔ [617/644] Built Mathlib.Algebra.Group.Commute.Units (4.1s)
✔ [618/645] Built Mathlib.Order.Bounds.Defs (1.7s)
✔ [619/645] Built Mathlib.Algebra.GroupWithZero.Semiconj (2.3s)
✔ [620/645] Built Mathlib.Data.Nat.GCD.Basic (4.9s)
✔ [621/645] Built Mathlib.Data.Set.Subsingleton (4.1s)
✔ [622/645] Built Mathlib.Algebra.Order.Sub.Defs (4.2s)
✔ [623/645] Built Mathlib.Order.BooleanAlgebra.Set (7.5s)
✔ [624/645] Built Mathlib.Algebra.Ring.Int.Defs (3.8s)
✔ [625/646] Built Mathlib.Order.SymmDiff (9.3s)
✔ [626/648] Built Mathlib.Data.Set.SymmDiff (4.8s)
✔ [627/648] Built Mathlib.Data.Int.GCD (9.9s)
✔ [628/648] Built Mathlib.Order.Hom.Basic (25s)
✔ [629/650] Built Mathlib.Algebra.Group.Nat.Even (12s)
✔ [631/658] Built Mathlib.Algebra.Order.Group.Unbundled.Basic (22s)
✔ [632/658] Built Mathlib.Algebra.Ring.Semiconj (2.5s)
✔ [633/658] Built Mathlib.Data.Int.Sqrt (3.1s)
✔ [634/658] Built Mathlib.Data.Bracket (915ms)
✔ [635/660] Built Mathlib.Algebra.Order.Group.OrderIso (3.4s)
✔ [636/660] Built Mathlib.Algebra.Order.Group.Lattice (6.1s)
✔ [637/663] Built Mathlib.Algebra.Group.Int.Even (6.6s)
✔ [638/663] Built Mathlib.Data.Set.Image (26s)
✔ [639/665] Built Mathlib.Algebra.Ring.InjSurj (12s)
✔ [640/665] Built Mathlib.Control.ULift (1.8s)
✔ [641/665] Built Mathlib.Order.Interval.Set.Defs (2.9s)
✔ [642/665] Built Mathlib.Data.Set.Restrict (5.6s)
✔ [643/665] Built Mathlib.Algebra.Order.Group.Unbundled.Abs (11s)
✔ [644/666] Built Mathlib.Algebra.Group.Prod (14s)
✔ [645/666] Built Mathlib.Algebra.Ring.GrindInstances (4.6s)
✔ [646/666] Built Mathlib.Algebra.Ring.Units (5.3s)
✔ [648/672] Built Mathlib.Data.ULift (2.8s)
✔ [651/678] Built Mathlib.Algebra.Order.Group.Unbundled.Int (4.2s)
✔ [655/678] Built Mathlib.Data.Option.NAry (3.8s)
✔ [656/679] Built Mathlib.Algebra.Ring.Commute (5.3s)
✔ [659/683] Built Mathlib.Data.List.Monad (1.9s)
✔ [660/684] Built Mathlib.Control.Functor (2.9s)
✔ [662/687] Built Mathlib.Data.List.InsertIdx (4.8s)
✔ [663/687] Built Mathlib.Data.Int.Cast.Lemmas (6.5s)
✔ [664/687] Built Mathlib.Data.Set.Prod (21s)
✔ [666/697] Built Mathlib.Tactic.SetLike (1.7s)
✔ [670/713] Built Mathlib.Algebra.GroupWithZero.WithZero (9.4s)
✔ [673/726] Built Mathlib.Data.Finset.Attr (1.9s)
✔ [676/746] Built Mathlib.Order.Lex (2.6s)
✔ [682/771] Built Mathlib.Data.List.Induction (6.8s)
✔ [685/775] Built Mathlib.Algebra.Order.Sub.Unbundled.Basic (4.9s)
✔ [686/777] Built Mathlib.Lean.Expr.ExtraRecognizers (1.4s)
✔ [688/777] Built Mathlib.Logic.Embedding.Set (5.6s)
✔ [689/777] Built Mathlib.Data.Set.Function (17s)
✔ [695/778] Built Mathlib.Algebra.Order.Monoid.Defs (3.3s)
✔ [700/784] Built Mathlib.Algebra.Order.Group.Synonym (9.6s)
✔ [710/791] Built Mathlib.Algebra.Order.ZeroLEOne (2.1s)
✔ [712/810] Built Mathlib.Algebra.Order.Group.Defs (3.6s)
✔ [729/828] Built Mathlib.Data.ENat.Defs (2.9s)
✔ [743/829] Built Mathlib.Data.List.Basic (29s)
✔ [746/829] Built Mathlib.Order.CompleteLattice.Lemmas (4.5s)
✔ [747/832] Built Mathlib.Algebra.Ring.Equiv (17s)
✔ [791/845] Built Mathlib.Data.List.Infix (4.8s)
✔ [803/845] Built Mathlib.Data.List.Lex (4.1s)
✔ [806/847] Built Mathlib.Algebra.Order.Monoid.Unbundled.WithTop (15s)
✔ [819/861] Built Mathlib.Data.Multiset.Range (2.9s)
✔ [828/905] Built Mathlib.Algebra.Order.Group.Multiset (4.3s)
✔ [868/931] Built Mathlib.Logic.UnivLE (2.5s)
✔ [1411/2337] Built Mathlib.Data.Finset.Insert (9.3s)
✔ [2042/3268] Built Mathlib.Algebra.Order.Hom.Monoid (10s)
✔ [2044/3268] Built Mathlib.Algebra.Order.GroupWithZero.Canonical (12s)
⚠ [3264/3268] Replayed CollatzFormalization.CoprimeFilter
warning: CollatzFormalization/CoprimeFilter.lean:5:4: declaration uses `sorry`
warning: CollatzFormalization/CoprimeFilter.lean:32:8: declaration uses `sorry`
⚠ [3265/3268] Built CollatzFormalization.MarkovTranslation (9.7s)
warning: CollatzFormalization/MarkovTranslation.lean:34:6: declaration uses `sorry`
warning: CollatzFormalization/MarkovTranslation.lean:52:8: declaration uses `sorry`
warning: CollatzFormalization/MarkovTranslation.lean:80:8: declaration uses `sorry`
✔ [3266/3268] Built CollatzFormalization.PeriodicCycles (11s)
✔ [3267/3268] Built CollatzFormalization (3.5s)
Build completed successfully (3268 jobs).
