Running linter on specified modules: [ArithmeticDynamics]
-- Found 16 errors in 222 declarations (plus 108 automatically generated ones) in ArithmeticDynamics with 16 linters

/- The `unusedArguments` linter reports:
UNUSED ARGUMENTS. -/
-- ArithmeticDynamics.Algebra.Isometry
/app/ArithmeticDynamics/Algebra/Isometry.lean:18:1: error: @ArithmeticDynamics.Algebra.measure_preserving_lipschitz_is_isometry argument 2 inst✝ : NeZero
  d, argument 4 _h_lip : ArithmeticDynamics.Algebra.IsOneLipschitz
  f, argument 5 _h_meas : ArithmeticDynamics.Algebra.IsMeasurePreserving f

-- ArithmeticDynamics.Algebra.MahlerExpansion
/app/ArithmeticDynamics/Algebra/MahlerExpansion.lean:10:1: error: @ArithmeticDynamics.Algebra.IsMahlerExpansion argument 3 f : C(ℤ_[p],
  ℤ_[p]), argument 4 a : ℕ → ℤ_[p]

-- ArithmeticDynamics.Algebra.PadicExtensions
/app/ArithmeticDynamics/Algebra/PadicExtensions.lean:5:1: error: ArithmeticDynamics.Algebra.SupportsOrthogonalPrimeChannels argument 1 _d : ℕ
/app/ArithmeticDynamics/Algebra/PadicExtensions.lean:9:1: error: @ArithmeticDynamics.Algebra.linearization_of_orbits argument 3 inst✝¹ : Fact
  (Nat.Prime p), argument 6 _h_arith : ArithmeticDynamics.Algebra.IsPrimePowerArithmeticMap f
/app/ArithmeticDynamics/Algebra/PadicExtensions.lean:20:1: error: @ArithmeticDynamics.Algebra.prime_power_architectural_starvation argument 3 inst✝ : Fact
  (Nat.Prime p)

-- ArithmeticDynamics.Algebra.PadicMetric
/app/ArithmeticDynamics/Algebra/PadicMetric.lean:11:1: error: ArithmeticDynamics.Algebra.padicNorm argument 2 inst✝ : Fact
  (Nat.Prime p)
/app/ArithmeticDynamics/Algebra/PadicMetric.lean:113:1: error: ArithmeticDynamics.Algebra.padicNormZd argument 2 _x : ArithmeticDynamics.Algebra.Z_d
  d

-- ArithmeticDynamics.Computability.ConwayFilter
/app/ArithmeticDynamics/Computability/ConwayFilter.lean:7:1: error: @ArithmeticDynamics.Computability.coprime_invertibility argument 2 inst✝ : NeZero
  d

-- ArithmeticDynamics.Computability.MinskyBounds
/app/ArithmeticDynamics/Computability/MinskyBounds.lean:66:1: error: @ArithmeticDynamics.Computability.MinskyBounds.inc_upper_bound argument 7 hp₁ : p₁ >
  0

-- ArithmeticDynamics.ErgodicTheory.MarkovTransition
/app/ArithmeticDynamics/ErgodicTheory/MarkovTransition.lean:17:1: error: @ArithmeticDynamics.ErgodicTheory.IsPrimitive argument 2 _P : Matrix
  (Fin M) (Fin M) ℝ

-- ArithmeticDynamics.SieveAnalytics.DecouplingThreshold
/app/ArithmeticDynamics/SieveAnalytics/DecouplingThreshold.lean:14:1: error: ArithmeticDynamics.SieveAnalytics.mixing_time_threshold argument 2 _h_delta : δ >
  0

-- ArithmeticDynamics.SieveAnalytics.ReweightedMeasure
/app/ArithmeticDynamics/SieveAnalytics/ReweightedMeasure.lean:36:1: error: ArithmeticDynamics.SieveAnalytics.reweighted_measure argument 1 _w : Fin
    ArithmeticDynamics.SieveAnalytics.Lambda →
  ℝ, argument 2 _A : Set ℕ

-- ArithmeticDynamics.SpecificModels.MinskyReduction
/app/ArithmeticDynamics/SpecificModels/MinskyReduction.lean:7:1: error: ArithmeticDynamics.SpecificModels.IsTuringComplete argument 1 _map : ArithmeticDynamics.SpecificModels.GeneralizedCollatzMap
/app/ArithmeticDynamics/SpecificModels/MinskyReduction.lean:8:1: error: ArithmeticDynamics.SpecificModels.branch_count argument 1 _map : ArithmeticDynamics.SpecificModels.GeneralizedCollatzMap
/app/ArithmeticDynamics/SpecificModels/MinskyReduction.lean:10:1: error: ArithmeticDynamics.SpecificModels.minskyEncode argument 4 inst✝ : Fact
  (Nat.Prime p_s)

-- ArithmeticDynamics.UniversalLaw.ScalingDuality
/app/ArithmeticDynamics/UniversalLaw/ScalingDuality.lean:31:1: error: ArithmeticDynamics.ScalingDuality.lyapunov_exponent argument 2 _f_map : ArithmeticDynamics.ScalingDuality.StateSpace →
  ArithmeticDynamics.ScalingDuality.StateSpace
