{"synthetic": false,
 "schemaVersion": "2025-09-10",
 "outputs":
 {"o": ["0165e5e88210a259.olean"],
  "i": "0babe5900d616827.ilean",
  "c": "e4d306da2de24a20.c"},
 "log":
 [{"message":
   ".> LEAN_PATH=/app/.lake/packages/Cli/.lake/build/lib/lean:/app/.lake/packages/batteries/.lake/build/lib/lean:/app/.lake/packages/Qq/.lake/build/lib/lean:/app/.lake/packages/aesop/.lake/build/lib/lean:/app/.lake/packages/proofwidgets/.lake/build/lib/lean:/app/.lake/packages/importGraph/.lake/build/lib/lean:/app/.lake/packages/LeanSearchClient/.lake/build/lib/lean:/app/.lake/packages/plausible/.lake/build/lib/lean:/app/.lake/packages/mathlib/.lake/build/lib/lean:/app/.lake/build/lib/lean /home/jules/.elan/toolchains/leanprover--lean4---v4.29.0-rc6/bin/lean /app/CollatzFormalization.lean -o /app/.lake/build/lib/lean/CollatzFormalization.olean -i /app/.lake/build/lib/lean/CollatzFormalization.ilean -c /app/.lake/build/ir/CollatzFormalization.c --setup /app/.lake/build/ir/CollatzFormalization.setup.json --json",
   "level": "trace"}],
 "inputs":
 [["CollatzFormalization:deps",
   [["deps",
     [["collatz_formalization/CollatzFormalization:extraDep",
       [["@collatz_formalization:extraDep", "00000000000006bb"]]],
      ["imports",
       [["CollatzFormalization.Basic transitive imports (legacy)",
         "14383f439baff117"],
        ["CollatzFormalization.Basic:importAllArts", "d411c2bc88077b37"],
        ["CollatzFormalization.CoprimeFilter transitive imports (legacy)",
         "94cc0a257c4f6300"],
        ["CollatzFormalization.CoprimeFilter:importAllArts",
         "e50c8bcebac3f9c8"],
        ["CollatzFormalization.PeriodicCycles transitive imports (legacy)",
         "aa6452c2e498fd00"],
        ["CollatzFormalization.PeriodicCycles:importAllArts",
         "192a201639d888a8"],
        ["CollatzFormalization.MarkovTranslation transitive imports (legacy)",
         "e426a1c14b10591d"],
        ["CollatzFormalization.MarkovTranslation:importAllArts",
         "1d16e42b56e8fede"]]]]],
    ["libs",
     [["import dynlibs", "00000000000006bb"],
      ["package external libraries", "00000000000006bb"],
      ["module dynlibs", "00000000000006bb"],
      ["module plugins", "00000000000006bb"]]]]],
  ["Lean 4.29.0, commit 00659f8e6071d7e46131ed643bf8003b99b044e9",
   "d4ef66a63896cd60"],
  ["/app/CollatzFormalization.lean", "e2bc85d4781e6845"],
  ["options", "00000000000006bb"],
  ["isModule: false", "feefd2a0d3a1847e"],
  ["Module.name: CollatzFormalization", "1c763dd3cba9e14d"],
  ["Package.id?: (some collatz_formalization)", "b63bc6785665ca69"],
  ["Module.leanArgs: #[]", "00000000000006bb"]],
 "depHash": "dadf0bc07c183f45"}