{"synthetic": false,
 "schemaVersion": "2025-09-10",
 "outputs":
 {"o": ["f2998fa2d6b36985.olean"],
  "i": "41310c852f51a4c8.ilean",
  "c": "18f7d09643025324.c"},
 "log":
 [{"message":
   ".> LEAN_PATH=/app/.lake/packages/Cli/.lake/build/lib/lean:/app/.lake/packages/batteries/.lake/build/lib/lean:/app/.lake/packages/Qq/.lake/build/lib/lean:/app/.lake/packages/aesop/.lake/build/lib/lean:/app/.lake/packages/proofwidgets/.lake/build/lib/lean:/app/.lake/packages/importGraph/.lake/build/lib/lean:/app/.lake/packages/LeanSearchClient/.lake/build/lib/lean:/app/.lake/packages/plausible/.lake/build/lib/lean:/app/.lake/packages/mathlib/.lake/build/lib/lean:/app/.lake/build/lib/lean /home/jules/.elan/toolchains/leanprover--lean4---v4.29.0-rc6/bin/lean /app/CollatzFormalization/Basic.lean -o /app/.lake/build/lib/lean/CollatzFormalization/Basic.olean -i /app/.lake/build/lib/lean/CollatzFormalization/Basic.ilean -c /app/.lake/build/ir/CollatzFormalization/Basic.c --setup /app/.lake/build/ir/CollatzFormalization/Basic.setup.json --json",
   "level": "trace"}],
 "inputs":
 [["CollatzFormalization.Basic:deps",
   [["deps",
     [["collatz_formalization/CollatzFormalization:extraDep",
       [["@collatz_formalization:extraDep", "00000000000006bb"]]],
      ["imports",
       [["Mathlib.Data.Nat.Basic transitive imports (legacy)",
         "93b77f4dacae114a"],
        ["Mathlib.Data.Nat.Basic:importAllArts", "623389f286bd3236"],
        ["Mathlib.Data.Int.Basic transitive imports (legacy)",
         "210db7563635f6c9"],
        ["Mathlib.Data.Int.Basic:importAllArts", "89ec2988a6bff807"],
        ["Mathlib.Data.ZMod.Basic transitive imports (legacy)",
         "efed6e00117a1594"],
        ["Mathlib.Data.ZMod.Basic:importAllArts", "8b84d2742da82594"],
        ["Mathlib.Algebra.Divisibility.Basic transitive imports (legacy)",
         "4e3ee20323c8cef0"],
        ["Mathlib.Algebra.Divisibility.Basic:importAllArts",
         "c2e511a3e310dca0"],
        ["Mathlib.Tactic transitive imports (legacy)", "271c55887af64a03"],
        ["Mathlib.Tactic:importAllArts", "8834c134d5db705b"]]]]],
    ["libs",
     [["import dynlibs", "00000000000006bb"],
      ["package external libraries", "00000000000006bb"],
      ["module dynlibs", "00000000000006bb"],
      ["module plugins", "00000000000006bb"]]]]],
  ["Lean 4.29.0, commit 00659f8e6071d7e46131ed643bf8003b99b044e9",
   "d4ef66a63896cd60"],
  ["/app/CollatzFormalization/Basic.lean", "32ec16b01335f3ba"],
  ["options", "00000000000006bb"],
  ["isModule: false", "feefd2a0d3a1847e"],
  ["Module.name: CollatzFormalization.Basic", "3565c07f0ba93096"],
  ["Package.id?: (some collatz_formalization)", "b63bc6785665ca69"],
  ["Module.leanArgs: #[]", "00000000000006bb"]],
 "depHash": "d57b3430915175e1"}