{"synthetic": false,
 "schemaVersion": "2025-09-10",
 "outputs":
 {"o": ["cd187baa1efe0ca0.olean"],
  "i": "9ef064a695c73cf1.ilean",
  "c": "0f6439a592fc44b4.c"},
 "log":
 [{"message":
   ".> LEAN_PATH=/app/.lake/packages/Cli/.lake/build/lib/lean:/app/.lake/packages/batteries/.lake/build/lib/lean:/app/.lake/packages/Qq/.lake/build/lib/lean:/app/.lake/packages/aesop/.lake/build/lib/lean:/app/.lake/packages/proofwidgets/.lake/build/lib/lean:/app/.lake/packages/importGraph/.lake/build/lib/lean:/app/.lake/packages/LeanSearchClient/.lake/build/lib/lean:/app/.lake/packages/plausible/.lake/build/lib/lean:/app/.lake/packages/mathlib/.lake/build/lib/lean:/app/.lake/build/lib/lean /home/jules/.elan/toolchains/leanprover--lean4---v4.29.0-rc6/bin/lean /app/CollatzFormalization/CoprimeFilter.lean -o /app/.lake/build/lib/lean/CollatzFormalization/CoprimeFilter.olean -i /app/.lake/build/lib/lean/CollatzFormalization/CoprimeFilter.ilean -c /app/.lake/build/ir/CollatzFormalization/CoprimeFilter.c --setup /app/.lake/build/ir/CollatzFormalization/CoprimeFilter.setup.json --json",
   "level": "trace"},
  {"message":
   "CollatzFormalization/CoprimeFilter.lean:5:4: declaration uses `sorry`",
   "level": "warning"},
  {"message":
   "CollatzFormalization/CoprimeFilter.lean:32:8: declaration uses `sorry`",
   "level": "warning"}],
 "inputs":
 [["CollatzFormalization.CoprimeFilter:deps",
   [["deps",
     [["collatz_formalization/CollatzFormalization:extraDep",
       [["@collatz_formalization:extraDep", "00000000000006bb"]]],
      ["imports",
       [["Mathlib.Data.ZMod.Basic transitive imports (legacy)",
         "efed6e00117a1594"],
        ["Mathlib.Data.ZMod.Basic:importAllArts", "8b84d2742da82594"],
        ["CollatzFormalization.Basic transitive imports (legacy)",
         "14383f439baff117"],
        ["CollatzFormalization.Basic:importAllArts", "d411c2bc88077b37"],
        ["Mathlib.Tactic transitive imports (legacy)", "271c55887af64a03"],
        ["Mathlib.Tactic:importAllArts", "8834c134d5db705b"]]]]],
    ["libs",
     [["import dynlibs", "00000000000006bb"],
      ["package external libraries", "00000000000006bb"],
      ["module dynlibs", "00000000000006bb"],
      ["module plugins", "00000000000006bb"]]]]],
  ["Lean 4.29.0, commit 00659f8e6071d7e46131ed643bf8003b99b044e9",
   "d4ef66a63896cd60"],
  ["/app/CollatzFormalization/CoprimeFilter.lean", "c00f09e723db09f7"],
  ["options", "00000000000006bb"],
  ["isModule: false", "feefd2a0d3a1847e"],
  ["Module.name: CollatzFormalization.CoprimeFilter", "39562ddba171ca02"],
  ["Package.id?: (some collatz_formalization)", "b63bc6785665ca69"],
  ["Module.leanArgs: #[]", "00000000000006bb"]],
 "depHash": "0366ed62cbf4f7d6"}